5/15/2024 2:42:03 PM: Button_Name: button1,Button_Text: Brodcast clicked.
5/15/2024 2:42:03 PM: Button_Name: button1,Button_Text: Brodcast clicked.
5/15/2024 2:42:08 PM: Button_Name: button4,Button_Text: Menu clicked.
5/15/2024 2:42:16 PM: Button_Name: button3,Button_Text: Clicked ODD clicked.
5/15/2024 2:42:44 PM: Button_Name: button1,Button_Text: Brodcast clicked.
5/15/2024 2:42:47 PM: Button_Name: button4,Button_Text: Menu clicked.
5/15/2024 2:42:52 PM: Button_Name: button2,Button_Text: ToSTudent clicked.
5/15/2024 2:43:13 PM: Button_Name: toForm4,Button_Text: Instructors clicked.
5/15/2024 2:43:25 PM: Button_Name: buttonOpenForm3,Button_Text: Control clicked.
5/15/2024 2:43:31 PM: Button_Name: buttonOpenForm3,Button_Text: Control clicked.
5/16/2024 3:03:24 PM: Button_Name: button4,Button_Text: Menu clicked.
5/16/2024 3:08:55 PM: Button_Name: button4,Button_Text: Menu clicked.
5/16/2024 3:08:57 PM: Button_Name: button4,Button_Text: Menu clicked.
5/16/2024 3:40:14 PM: Button_Name: button1,Button_Text: Brodcast clicked.
5/16/2024 3:41:44 PM: Button_Name: button4,Button_Text: Menu clicked.
5/16/2024 3:43:57 PM: Button_Name: button4,Button_Text: Menu clicked.
5/16/2024 3:44:02 PM: Button_Name: button4,Button_Text: Menu clicked.
5/16/2024 3:44:49 PM: Button_Name: button4,Button_Text: Menu clicked.
5/16/2024 3:48:54 PM: Button_Name: button4,Button_Text: Menu clicked.
5/16/2024 3:49:04 PM: Button_Name: button3,Button_Text: Clicked ODD clicked.
5/16/2024 10:36:08 PM: Button_Name: button4,Button_Text: Menu clicked.
5/16/2024 11:02:12 PM: Button_Name: button4,Button_Text: Menu clicked.
5/16/2024 11:03:28 PM: Button_Name: button4,Button_Text: Menu clicked.
5/16/2024 11:04:08 PM: Button_Name: button4,Button_Text: Menu clicked.
5/16/2024 11:04:09 PM: Button_Name: button4,Button_Text: Menu clicked.
5/16/2024 11:04:33 PM: Button_Name: button1,Button_Text: Brodcast clicked.
5/16/2024 11:04:34 PM: Button_Name: button1,Button_Text: Brodcast clicked.
5/16/2024 11:04:34 PM: Button_Name: button1,Button_Text: Brodcast clicked.
5/16/2024 11:04:52 PM: Button_Name: button1,Button_Text: Brodcast clicked.
5/16/2024 11:04:55 PM: Button_Name: button4,Button_Text: Menu clicked.
5/16/2024 11:05:21 PM: Button_Name: button1,Button_Text: Brodcast clicked.
5/16/2024 11:05:37 PM: Button_Name: button4,Button_Text: Menu clicked.
5/16/2024 11:05:46 PM: Button_Name: button3,Button_Text: Clicked ODD clicked.
5/16/2024 11:05:58 PM: Button_Name: button4,Button_Text: Menu clicked.
5/16/2024 11:06:00 PM: Button_Name: buttonOpenForm3,Button_Text: Control clicked.
5/16/2024 11:06:14 PM: Button_Name: button1,Button_Text: Brodcast clicked.
5/16/2024 11:06:17 PM: Button_Name: button1,Button_Text: Brodcast clicked.
5/16/2024 11:06:21 PM: Button_Name: buttonOpenForm3,Button_Text: Control clicked.
5/16/2024 11:06:53 PM: Button_Name: button2,Button_Text: ToSTudent clicked.
5/16/2024 11:07:19 PM: Button_Name: toForm4,Button_Text: Instructors clicked.
5/16/2024 11:07:51 PM: Button_Name: buttonOpenForm3,Button_Text: Control clicked.
5/16/2024 11:09:07 PM: Button_Name: button1,Button_Text: Brodcast clicked.
5/16/2024 11:09:10 PM: Button_Name: button4,Button_Text: Menu clicked.
5/16/2024 11:09:11 PM: Button_Name: buttonOpenForm3,Button_Text: Control clicked.
5/17/2024 12:20:16 PM: Button_Name: button4,Button_Text: Menu clicked.
5/17/2024 12:20:23 PM: Button_Name: button1,Button_Text: Brodcast clicked.
5/17/2024 12:20:45 PM: Button_Name: button1,Button_Text: Brodcast clicked.
5/17/2024 12:20:45 PM: Button_Name: button1,Button_Text: Brodcast clicked.
5/17/2024 12:33:43 PM: Button_Name: button1,Button_Text: Brodcast clicked.
5/17/2024 12:33:43 PM: Button_Name: button1,Button_Text: Brodcast clicked.
5/17/2024 12:33:43 PM: Button_Name: button1,Button_Text: Brodcast clicked.
5/17/2024 12:33:45 PM: Button_Name: button1,Button_Text: Brodcast clicked.
5/17/2024 12:33:45 PM: Button_Name: button1,Button_Text: Brodcast clicked.
5/17/2024 12:33:45 PM: Button_Name: button1,Button_Text: Brodcast clicked.
5/17/2024 12:33:45 PM: Button_Name: button1,Button_Text: Brodcast clicked.
5/17/2024 12:33:49 PM: Button_Name: button1,Button_Text: Brodcast clicked.
5/17/2024 12:34:09 PM: Button_Name: button1,Button_Text: Brodcast clicked.
5/17/2024 12:34:13 PM: Button_Name: button4,Button_Text: Menu clicked.
5/17/2024 12:34:16 PM: Button_Name: buttonOpenForm3,Button_Text: Control clicked.
5/17/2024 12:44:58 PM: Button_Name: button1,Button_Text: Brodcast clicked.
5/17/2024 12:45:01 PM: Button_Name: button4,Button_Text: Menu clicked.
5/17/2024 12:45:06 PM: Button_Name: buttonOpenForm3,Button_Text: Control clicked.
5/17/2024 4:00:40 PM: Button_Name: button1,Button_Text: Brodcast clicked.
5/17/2024 4:00:45 PM: Button_Name: button1,Button_Text: Brodcast clicked.
5/17/2024 4:00:45 PM: Button_Name: button1,Button_Text: Brodcast clicked.
5/17/2024 4:00:45 PM: Button_Name: button1,Button_Text: Brodcast clicked.
5/17/2024 4:00:46 PM: Button_Name: button1,Button_Text: Brodcast clicked.
5/17/2024 4:00:54 PM: Button_Name: button1,Button_Text: Brodcast clicked.
5/17/2024 4:00:54 PM: Button_Name: button1,Button_Text: Brodcast clicked.
5/17/2024 4:01:17 PM: Button_Name: button4,Button_Text: Menu clicked.
5/17/2024 4:02:13 PM: Button_Name: button1,Button_Text: Brodcast clicked.
5/17/2024 4:02:16 PM: Button_Name: button4,Button_Text: Menu clicked.
5/17/2024 4:02:17 PM: Button_Name: buttonOpenForm3,Button_Text: Control clicked.
5/17/2024 4:03:58 PM: Button_Name: button4,Button_Text: Menu clicked.
5/17/2024 4:04:02 PM: Button_Name: buttonOpenForm3,Button_Text: Control clicked.
5/17/2024 4:04:31 PM: Button_Name: button1,Button_Text: Brodcast clicked.
5/17/2024 4:04:34 PM: Button_Name: buttonOpenForm3,Button_Text: Control clicked.
5/17/2024 4:12:08 PM: Button_Name: button1,Button_Text: Brodcast clicked.
5/17/2024 4:12:12 PM: Button_Name: button4,Button_Text: Menu clicked.
5/17/2024 4:12:14 PM: Button_Name: buttonOpenForm3,Button_Text: Control clicked.
5/18/2024 4:02:41 PM: Button_Name: button4,Button_Text: Menu clicked.
5/18/2024 4:02:50 PM: Button_Name: button3,Button_Text: Clicked ODD clicked.
5/18/2024 4:15:43 PM: Button_Name: button4,Button_Text: Menu clicked.
5/18/2024 4:15:52 PM: Button_Name: button2,Button_Text: ToSTudent clicked.
5/18/2024 4:16:52 PM: Button_Name: toForm4,Button_Text: Instructors clicked.
5/18/2024 4:17:09 PM: Button_Name: button3,Button_Text: Clicked ODD clicked.
5/21/2024 10:21:14 AM: Button_Name: button4,Button_Text: Menu clicked.
5/21/2024 10:21:23 AM: Button_Name: button3,Button_Text: Clicked ODD clicked.
5/21/2024 4:59:29 PM: Button_Name: button4,Button_Text: Menu clicked.
5/21/2024 4:59:30 PM: Button_Name: button4,Button_Text: Menu clicked.
5/21/2024 4:59:32 PM: Button_Name: button4,Button_Text: Menu clicked.
5/21/2024 4:59:43 PM: Button_Name: button3,Button_Text: Clicked ODD clicked.
5/21/2024 5:34:49 PM: Button_Name: button4,Button_Text: Menu clicked.
5/21/2024 5:34:56 PM: Button_Name: button3,Button_Text: Clicked ODD clicked.
5/23/2024 12:28:26 PM: Button_Name: button1,Button_Text: Brodcast clicked.
5/23/2024 12:28:56 PM: Button_Name: button1,Button_Text: Brodcast clicked.
5/23/2024 12:28:59 PM: Button_Name: button1,Button_Text: Brodcast clicked.
5/23/2024 12:29:12 PM: Button_Name: button1,Button_Text: Brodcast clicked.
5/23/2024 12:29:14 PM: Button_Name: button1,Button_Text: Brodcast clicked.
5/23/2024 12:29:15 PM: Button_Name: button1,Button_Text: Brodcast clicked.
5/23/2024 12:29:58 PM: Button_Name: button1,Button_Text: Brodcast clicked.
5/23/2024 12:30:02 PM: Button_Name: button4,Button_Text: Menu clicked.
5/23/2024 12:30:05 PM: Button_Name: buttonOpenForm3,Button_Text: Control clicked.
5/23/2024 12:30:22 PM: Button_Name: button3,Button_Text: Clicked ODD clicked.
5/23/2024 12:31:53 PM: Button_Name: button1,Button_Text: Brodcast clicked.
5/23/2024 12:31:57 PM: Button_Name: button4,Button_Text: Menu clicked.
5/23/2024 12:32:01 PM: Button_Name: button2,Button_Text: ToSTudent clicked.
5/23/2024 12:34:42 PM: Button_Name: button1,Button_Text: Brodcast clicked.
5/23/2024 5:22:11 PM: Button_Name: button1,Button_Text: Brodcast clicked.
5/23/2024 5:22:14 PM: Button_Name: button1,Button_Text: Brodcast clicked.
5/23/2024 5:22:15 PM: Button_Name: button1,Button_Text: Brodcast clicked.
5/23/2024 5:22:15 PM: Button_Name: button1,Button_Text: Brodcast clicked.
5/23/2024 5:22:15 PM: Button_Name: button1,Button_Text: Brodcast clicked.
5/23/2024 5:22:15 PM: Button_Name: button1,Button_Text: Brodcast clicked.
5/23/2024 5:22:15 PM: Button_Name: button1,Button_Text: Brodcast clicked.
5/23/2024 5:22:40 PM: Button_Name: button1,Button_Text: Brodcast clicked.
5/23/2024 5:22:40 PM: Button_Name: button1,Button_Text: Brodcast clicked.
5/23/2024 5:23:02 PM: Button_Name: button1,Button_Text: Brodcast clicked.
5/23/2024 5:23:04 PM: Button_Name: button1,Button_Text: Brodcast clicked.
5/23/2024 5:23:04 PM: Button_Name: button1,Button_Text: Brodcast clicked.
5/23/2024 5:23:04 PM: Button_Name: button1,Button_Text: Brodcast clicked.
5/23/2024 5:23:04 PM: Button_Name: button1,Button_Text: Brodcast clicked.
5/23/2024 5:23:04 PM: Button_Name: button1,Button_Text: Brodcast clicked.
5/23/2024 5:23:26 PM: Button_Name: button1,Button_Text: Brodcast clicked.
5/24/2024 11:28:11 AM: Button_Name: button1,Button_Text: Brodcast clicked.
5/25/2024 9:51:59 AM: Button_Name: button1,Button_Text: Brodcast clicked.
5/25/2024 9:52:27 AM: Button_Name: button4,Button_Text: Menu clicked.
5/25/2024 9:52:34 AM: Button_Name: button2,Button_Text: ToSTudent clicked.
5/25/2024 9:53:40 AM: Button_Name: toForm4,Button_Text: Instructors clicked.
5/25/2024 9:54:36 AM: Button_Name: button3,Button_Text: Clicked ODD clicked.
5/25/2024 9:56:13 AM: Button_Name: button4,Button_Text: Menu clicked.
5/25/2024 9:56:16 AM: Button_Name: buttonOpenForm3,Button_Text: Control clicked.
